<?xml version="1.0" encoding="utf-8"?><testsuites><testsuite name="pytest" errors="0" failures="1" skipped="0" tests="6" time="12.489" timestamp="2024-07-12T13:49:31.896331" hostname="OLI-OMEN"><testcase classname="bumpversion" name="FLAKE8" time="0.059" /><testcase classname="src.pyconverters_ocrmypdf.__init__" name="FLAKE8" time="0.028" /><testcase classname="src.pyconverters_ocrmypdf.ocrmypdf" name="FLAKE8" time="0.041" /><testcase classname="tests.myocrmypdf" name="FLAKE8" time="0.048"><failure message="/media/olivier/ssd1T/dev/kairntech/pyconverters_ocrmypdf/tests/myocrmypdf.py:33:1: E303 too many blank lines (4)&#10;/media/olivier/ssd1T/dev/kairntech/pyconverters_ocrmypdf/tests/myocrmypdf.py:55:35: W605 invalid escape sequence '\p'&#10;">/media/olivier/ssd1T/dev/kairntech/pyconverters_ocrmypdf/tests/myocrmypdf.py:33:1: E303 too many blank lines (4)
/media/olivier/ssd1T/dev/kairntech/pyconverters_ocrmypdf/tests/myocrmypdf.py:55:35: W605 invalid escape sequence '\p'
</failure></testcase><testcase classname="tests.test_ocrmypdf" name="FLAKE8" time="0.032" /><testcase classname="tests.test_ocrmypdf" name="test_ocrmypdf" time="11.948" /></testsuite></testsuites>