TN:
SF:versions\__init__.py
DA:0,1,1B2M2Y8AsgTpgAmY7PhCfg
LF:0
LH:0
end_of_record
TN:
SF:versions\versions.py
DA:1,1,p7hNY1S5rX9QtYADf+cK4g
DA:2,1,vMrxkmi6BodukxNtyN/WnA
DA:4,1,aUWtzs98G8uo8bYpiS2nKA
DA:6,1,mnzzGoXeX7DPyty3hVpjKg
DA:7,1,jBbla8VvRMr97uIZsX58lQ
DA:8,1,NFBZTdowp+JaWZZ+X5BwtQ
DA:9,1,YIEM4BPDHn2yKc//YOqu1A
DA:11,1,5IQy+Yey/X1lMnXVi2N0Bw
DA:12,1,ryrLAhjafriAitUil/ptNw
DA:64,1,j+CcxAIEiLeqjzkbiEHnZA
DA:76,1,DJBlcMIv3XniZPdUc+0mjw
DA:80,1,7UmfOr4vAN3IHNu+aHvYqQ
DA:101,1,wl6aROKSH5FHWWNaA55FSw
DA:122,1,4BnGkixaBSKLNBKcimikHQ
DA:126,1,qOE9Lm03b3LP5eaySr1Sgg
DA:130,1,nDkobl5F6FC+PDftJSEwCg
DA:134,1,UUxPMPDbQCc1nVwozNCoxw
DA:138,1,4WhsZ7PlY6rqD3sndW7fOQ
DA:142,1,4LnDEsPZGKRNS4BBmb3IhQ
DA:152,1,KxgaGtJPkScc4OG7mJ59vg
DA:153,1,JRrAM41Bl9XdKToljE8wMw
DA:161,1,WG4jqtawvEwW5KZ9rjlDww
DA:165,1,KxgaGtJPkScc4OG7mJ59vg
DA:166,1,nCUCP9AFyYgzLsmQ0SqULA
DA:170,1,H6tV0pzeTfipOei2pQ6Vdw
DA:174,1,KxgaGtJPkScc4OG7mJ59vg
DA:175,1,avaLf0drZ7dAi40yTq21kg
DA:179,1,RRg6qiCkJPJrLjx1JAnTsQ
DA:187,1,GU1/QTOPCBn3w9CuVD0vnA
DA:27,0,2CKHTZavYhGGHGDYHUytzA
DA:28,0,SPsrBxoVaGVlZtOsQ+Y/OA
DA:29,0,tebgc8HRh74m2KEyWK1GUg
DA:30,0,rTAGwrGJ9BwQd6yRA0G8Gw
DA:31,0,Xd+2Qd4BJ44U/sGKEZw2gA
DA:34,0,lJ+w5YJ7ajieydb9iyTXEQ
DA:35,0,5/v0nr9EMIo6G9etj/qycg
DA:36,0,0vk8EehnuzcZg/khnOWHVA
DA:39,0,XoEwRz4BkwBk0QEXA5K5MA
DA:40,0,Ch+zQ+HExAMX4C4UHtH9uw
DA:43,0,TLWZp7UK15e6eZoBEZzDpw
DA:44,0,kJDZK3dz2ODU7eJYMFQPtg
DA:45,0,OKwDQOE79xGdUrkNcN0Neg
DA:46,0,j3YTc3NpgnbdLL59Yxuslg
DA:47,0,bbM2eAza66i6HAouSoJjHQ
DA:49,0,zfCHpG9KGrWWifWXHJNeYw
DA:52,0,2OYSn39aXSXdAUq0IZFXOA
DA:53,0,vaMOtYv/3tf5MCw0QKjngw
DA:54,0,7b5ZvPqsjdB7Rlref0eCqA
DA:55,0,nfrk7do+IMuy+qxh5qHkGw
DA:56,0,NR6tJWE2Zmfy0cajpld/8Q
DA:58,0,ZYNYMDDHruH8zka0B2CDvQ
DA:59,0,1RMHPzejcoftOdJ/S48EjA
DA:60,0,/DeEIV+AY/1q0dGaMDXrmg
DA:62,0,cZSvPiXnejxkdoHwrMbhag
DA:66,0,ARWJ51Rhsj4RaGuXAvQKow
DA:67,0,bJyNWNxCdyOr4cp7NaQtzw
DA:68,0,jVDHahtay3TdsFwuE2jSWQ
DA:69,0,Kcom83XKWWTATTxPRxWwqg
DA:70,0,KxyCp/U+uJDSifuzQQyVeg
DA:72,0,kKKcs2jBq2UANynKtf41cQ
DA:74,0,EfBfsX8s72r2UV6DSL8L6Q
DA:78,0,th6BNkfn744HqGhOzwtq3w
DA:82,0,5aSDFGM9jhNfsNYG4TY0pQ
DA:83,0,z1FY6hyPBCbZwMZY9KnRLg
DA:84,0,bt9JXrGB/tNWdWiCRIeK6Q
DA:85,0,OmvlGfAApkR5PTcEb9H6qg
DA:86,0,n05AfdIFALNK7eRaTWeHow
DA:87,0,80ddk5Jt2A3vvaJnRwWqFQ
DA:88,0,3SYlsXOru1Z+bJRaiDKLtw
DA:89,0,ontIjLBbv5DWvhRiz69stQ
DA:90,0,RHXqN+1TQdqBPk30PZdYug
DA:91,0,oeSRyKJ6iDr4vasQqVJ6Ag
DA:92,0,RNTcXKXjj7lXLnpY02o0Sg
DA:93,0,xA9Ry6jeucFXCUus4n8Neg
DA:94,0,c8VrIwR8RvaFct5mZzmwwg
DA:95,0,NqJr4+BhuIMfAvjQylBTAA
DA:96,0,JOxPLRwN/QUyIwKFKWB12g
DA:97,0,bd91bACQnAspjtoSd6hEIA
DA:98,0,ectM7cTnGRLrkt7sqiacnA
DA:99,0,W/g8GJDAYJkSSurt59Mzfw
DA:103,0,jrVQW/RkGpUoK//0+Fx7kw
DA:104,0,z1FY6hyPBCbZwMZY9KnRLg
DA:105,0,bt9JXrGB/tNWdWiCRIeK6Q
DA:106,0,CyZjBG8UtoPwYYwtz//F+g
DA:107,0,n05AfdIFALNK7eRaTWeHow
DA:108,0,80ddk5Jt2A3vvaJnRwWqFQ
DA:109,0,5vKHPel+Kdg4LF2Bpi4Z/A
DA:110,0,ontIjLBbv5DWvhRiz69stQ
DA:111,0,RHXqN+1TQdqBPk30PZdYug
DA:112,0,r2bvs9cIGndLIShXw1f3UA
DA:113,0,RNTcXKXjj7lXLnpY02o0Sg
DA:114,0,xA9Ry6jeucFXCUus4n8Neg
DA:115,0,sYbQ964d5z8D8U9HD3Fh/w
DA:116,0,NqJr4+BhuIMfAvjQylBTAA
DA:117,0,JOxPLRwN/QUyIwKFKWB12g
DA:118,0,xGsiRMXcH6NDMUaYhguYXw
DA:119,0,ectM7cTnGRLrkt7sqiacnA
DA:120,0,W/g8GJDAYJkSSurt59Mzfw
DA:124,0,6OBdjrbfP5qvon4RBMYtVg
DA:128,0,Jl3gIEU4AXMAMvmbsoMQWQ
DA:132,0,X7BXZm5Pt7WcEq8iAxA1fQ
DA:136,0,KMNw80p5qOKL0N2FGO+KWg
DA:140,0,obALZ43iiuZnI6VhwopXXA
DA:144,0,xD//Fkn+kpQyWk8pVb3isQ
DA:156,0,fzgSIDdCP6x/O0BpcxxzvQ
DA:158,0,6Fns+YiXaRnlTn4xmWDjbQ
DA:163,0,dNsKIwkCtfJIKnsL8BMA/w
DA:168,0,/I0IKg/jOBo4EsANuzlCLA
DA:172,0,/D12/ZymUbL+N/adT31uCQ
DA:177,0,4t6EVCZLa23PjwWFj+1uCA
DA:180,0,VwK0626ZZQCHq2yDIDvu0A
DA:181,0,WI2s/pi40dOaH18PSjpIGA
DA:182,0,gN3rzOzshs0KHB53+A7WkQ
DA:183,0,KLD1P27gpWf7PaqrcG0weg
DA:185,0,6FgfEIGN8WM7AbfBHDP94A
DA:203,0,1xq6Kt++bvQp/ZNMBO5UXg
DA:204,0,lNd68QphdZqDCLWUcA747A
DA:207,0,7Rj8Ylcj6/DbabAa0Jk+sA
DA:208,0,NPsd6q1SDSO0kztggMbH0g
DA:209,0,x0C7FOEwyh6YO8YPDT9oMw
DA:211,0,xvWIcpcyNr0gyGcTkdMxXw
DA:212,0,M4A4XWQzDqb0lGa8Cx9UEA
DA:213,0,xhAGLlChlYCJTtVozAE6qw
DA:214,0,SGwhj9XRnw3+5Sz+mS7dkw
DA:215,0,pZSjSktXSyAOnVGCb556bg
LF:125
LH:29
end_of_record
